#
# There is insufficient memory for the Java Runtime Environment to continue.
# Native memory allocation (mmap) failed to map 35651584 bytes. Error detail: G1 virtual space
# Possible reasons:
#   The system is out of physical RAM or swap space
#   This process is running with CompressedOops enabled, and the Java Heap may be blocking the growth of the native heap
# Possible solutions:
#   Reduce memory load on the system
#   Increase physical memory or swap space
#   Check if swap backing store is full
#   Decrease Java heap size (-Xmx/-Xms)
#   Decrease number of Java threads
#   Decrease Java thread stack sizes (-Xss)
#   Set larger code cache with -XX:ReservedCodeCacheSize=
#   JVM is running with Unscaled Compressed Oops mode in which the Java heap is
#     placed in the first 4GB address space. The Java Heap base address is the
#     maximum limit for the native heap growth. Please use -XX:HeapBaseMinAddress
#     to set the Java Heap base and to place the Java Heap above 4GB virtual address.
# This output file may be truncated or incomplete.
#
#  Out of Memory Error (os_windows.cpp:3631), pid=15804, tid=10644
#
# JRE version: OpenJDK Runtime Environment (22.0.1+8) (build 22.0.1+8-16)
# Java VM: OpenJDK 64-Bit Server VM (22.0.1+8-16, mixed mode, sharing, tiered, compressed oops, compressed class ptrs, g1 gc, windows-amd64)
# No core dump will be written. Minidumps are not enabled by default on client versions of Windows
#

---------------  S U M M A R Y ------------

Command Line: -javaagent:D:\Skillbox\Intellij IDEA\IntelliJ IDEA Community Edition 2024.2.3\lib\idea_rt.jar=59590:D:\Skillbox\Intellij IDEA\IntelliJ IDEA Community Edition 2024.2.3\bin -Dfile.encoding=UTF-8 -Dsun.stdout.encoding=UTF-8 -Dsun.stderr.encoding=UTF-8 searchengine.Application

Host: Intel(R) Core(TM) i5-10200H CPU @ 2.40GHz, 8 cores, 7G,  Windows 10 , 64 bit Build 19041 (10.0.19041.5438)
Time: Tue Feb 18 19:05:01 2025 RTZ 2 (s 10 , 64 bit Build 19041 (10.0.19041.5438) elapsed time: 6.370766 seconds (0d 0h 0m 6s)

---------------  T H R E A D  ---------------

Current thread (0x000001b2596b6f10):  VMThread "VM Thread"          [id=10644, stack(0x0000003469400000,0x0000003469500000) (1024K)]

Stack: [0x0000003469400000,0x0000003469500000]
Native frames: (J=compiled Java code, j=interpreted, Vv=VM code, C=native code)
V  [jvm.dll+0x6e2279]  (no source info available)
V  [jvm.dll+0x874e33]  (no source info available)
V  [jvm.dll+0x87725e]  (no source info available)
V  [jvm.dll+0x877933]  (no source info available)
V  [jvm.dll+0x27fd76]  (no source info available)
V  [jvm.dll+0x6de915]  (no source info available)
V  [jvm.dll+0x6d341a]  (no source info available)
V  [jvm.dll+0x3589da]  (no source info available)
V  [jvm.dll+0x360f06]  (no source info available)
V  [jvm.dll+0x3b3e2e]  (no source info available)
V  [jvm.dll+0x3b40d8]  (no source info available)
V  [jvm.dll+0x32c59c]  (no source info available)
V  [jvm.dll+0x32c627]  (no source info available)
V  [jvm.dll+0x37229c]  (no source info available)
V  [jvm.dll+0x370996]  (no source info available)
V  [jvm.dll+0x32bc87]  (no source info available)
V  [jvm.dll+0x370154]  (no source info available)
V  [jvm.dll+0x87d7d0]  (no source info available)
V  [jvm.dll+0x87eb57]  (no source info available)
V  [jvm.dll+0x87f0d0]  (no source info available)
V  [jvm.dll+0x87f373]  (no source info available)
V  [jvm.dll+0x81d44b]  (no source info available)
V  [jvm.dll+0x6e0915]  (no source info available)
C  [ucrtbase.dll+0x21bb2]  (no source info available)
C  [KERNEL32.DLL+0x17374]  (no source info available)
C  [ntdll.dll+0x4cc91]  (no source info available)

VM_Operation (0x0000003468dfc900): G1CollectForAllocation, mode: safepoint, requested by thread 0x000001b23ace8700


---------------  P R O C E S S  ---------------

Threads class SMR info:
_java_thread_list=0x000001b2a173f680, length=20, elements={
0x000001b23ace8700, 0x000001b2596cf330, 0x000001b2596d6070, 0x000001b2596da2f0,
0x000001b2596dad50, 0x000001b2596db7b0, 0x000001b2596de620, 0x000001b2596ec8d0,
0x000001b25970d390, 0x000001b25969f3a0, 0x000001b29f0193e0, 0x000001b259bf91b0,
0x000001b29f245260, 0x000001b29fad8f80, 0x000001b2a13e9320, 0x000001b2a0427c80,
0x000001b2a174aed0, 0x000001b29fe01220, 0x000001b29fdff7e0, 0x000001b29fe00500
}

Java Threads: ( => current thread )
  0x000001b23ace8700 JavaThread "main"                              [_thread_blocked, id=13964, stack(0x0000003468d00000,0x0000003468e00000) (1024K)]
  0x000001b2596cf330 JavaThread "Reference Handler"          daemon [_thread_blocked, id=14656, stack(0x0000003469500000,0x0000003469600000) (1024K)]
  0x000001b2596d6070 JavaThread "Finalizer"                  daemon [_thread_blocked, id=13916, stack(0x0000003469600000,0x0000003469700000) (1024K)]
  0x000001b2596da2f0 JavaThread "Signal Dispatcher"          daemon [_thread_blocked, id=11344, stack(0x0000003469700000,0x0000003469800000) (1024K)]
  0x000001b2596dad50 JavaThread "Attach Listener"            daemon [_thread_blocked, id=14316, stack(0x0000003469800000,0x0000003469900000) (1024K)]
  0x000001b2596db7b0 JavaThread "Service Thread"             daemon [_thread_blocked, id=10308, stack(0x0000003469900000,0x0000003469a00000) (1024K)]
  0x000001b2596de620 JavaThread "Monitor Deflation Thread"   daemon [_thread_blocked, id=5892, stack(0x0000003469a00000,0x0000003469b00000) (1024K)]
  0x000001b2596ec8d0 JavaThread "C2 CompilerThread0"         daemon [_thread_blocked, id=14704, stack(0x0000003469b00000,0x0000003469c00000) (1024K)]
  0x000001b25970d390 JavaThread "C1 CompilerThread0"         daemon [_thread_blocked, id=13616, stack(0x0000003469c00000,0x0000003469d00000) (1024K)]
  0x000001b25969f3a0 JavaThread "Common-Cleaner"             daemon [_thread_blocked, id=10596, stack(0x0000003469d00000,0x0000003469e00000) (1024K)]
  0x000001b29f0193e0 JavaThread "Monitor Ctrl-Break"         daemon [_thread_in_native, id=10996, stack(0x0000003469f00000,0x000000346a000000) (1024K)]
  0x000001b259bf91b0 JavaThread "Notification Thread"        daemon [_thread_blocked, id=3060, stack(0x000000346a000000,0x000000346a100000) (1024K)]
  0x000001b29f245260 JavaThread "C2 CompilerThread1"         daemon [_thread_blocked, id=12056, stack(0x0000003469e00000,0x0000003469f00000) (1024K)]
  0x000001b29fad8f80 JavaThread "C2 CompilerThread2"         daemon [_thread_blocked, id=16084, stack(0x000000346a900000,0x000000346aa00000) (1024K)]
  0x000001b2a13e9320 JavaThread "Catalina-utility-1"                [_thread_blocked, id=12072, stack(0x000000346aa00000,0x000000346ab00000) (1024K)]
  0x000001b2a0427c80 JavaThread "Catalina-utility-2"                [_thread_blocked, id=7344, stack(0x000000346ab00000,0x000000346ac00000) (1024K)]
  0x000001b2a174aed0 JavaThread "container-0"                       [_thread_blocked, id=14928, stack(0x000000346ac00000,0x000000346ad00000) (1024K)]
  0x000001b29fe01220 JavaThread "mysql-cj-abandoned-connection-cleanup" daemon [_thread_blocked, id=9664, stack(0x000000346ad00000,0x000000346ae00000) (1024K)]
  0x000001b29fdff7e0 JavaThread "HikariPool-1 housekeeper"   daemon [_thread_blocked, id=13192, stack(0x000000346af00000,0x000000346b000000) (1024K)]
  0x000001b29fe00500 JavaThread "HikariPool-1 connection adder" daemon [_thread_blocked, id=4688, stack(0x000000346b000000,0x000000346b100000) (1024K)]
Total: 20

Other Threads:
=>0x000001b2596b6f10 VMThread "VM Thread"                           [id=10644, stack(0x0000003469400000,0x0000003469500000) (1024K)]
  0x000001b25969e780 WatcherThread "VM Periodic Task Thread"        [id=15864, stack(0x0000003469300000,0x0000003469400000) (1024K)]
  0x000001b23cf4f7c0 WorkerThread "GC Thread#0"                     [id=10164, stack(0x0000003468e00000,0x0000003468f00000) (1024K)]
  0x000001b29f76d610 WorkerThread "GC Thread#1"                     [id=7672, stack(0x000000346a100000,0x000000346a200000) (1024K)]
  0x000001b29f893410 WorkerThread "GC Thread#2"                     [id=16308, stack(0x000000346a200000,0x000000346a300000) (1024K)]
  0x000001b29f9c4a20 WorkerThread "GC Thread#3"                     [id=11636, stack(0x000000346a300000,0x000000346a400000) (1024K)]
  0x000001b29f9d5d20 WorkerThread "GC Thread#4"                     [id=9632, stack(0x000000346a400000,0x000000346a500000) (1024K)]
  0x000001b29f9d64d0 WorkerThread "GC Thread#5"                     [id=16264, stack(0x000000346a500000,0x000000346a600000) (1024K)]
  0x000001b29f9d6c80 WorkerThread "GC Thread#6"                     [id=12188, stack(0x000000346a600000,0x000000346a700000) (1024K)]
  0x000001b29f9d7c50 WorkerThread "GC Thread#7"                     [id=8588, stack(0x000000346a700000,0x000000346a800000) (1024K)]
  0x000001b23cf61300 ConcurrentGCThread "G1 Main Marker"            [id=11424, stack(0x0000003468f00000,0x0000003469000000) (1024K)]
  0x000001b23cf61d20 WorkerThread "G1 Conc#0"                       [id=15000, stack(0x0000003469000000,0x0000003469100000) (1024K)]
  0x000001b29fe1dc40 WorkerThread "G1 Conc#1"                       [id=988, stack(0x000000346a800000,0x000000346a900000) (1024K)]
  0x000001b23cfbe680 ConcurrentGCThread "G1 Refine#0"               [id=13612, stack(0x0000003469100000,0x0000003469200000) (1024K)]
  0x000001b25956faa0 ConcurrentGCThread "G1 Service"                [id=2424, stack(0x0000003469200000,0x0000003469300000) (1024K)]
Total: 15

Threads with active compile tasks:
C2 CompilerThread2  6426 5906   !   4       java.nio.CharBuffer::wrap (21 bytes)
Total: 1

VM state: at safepoint (normal execution)

VM Mutex/Monitor currently owned by a thread:  ([mutex/lock_event])
[0x00007fffcbd5bbb8] Threads_lock - owner thread: 0x000001b2596b6f10
[0x00007fffcbd5bcb8] Heap_lock - owner thread: 0x000001b23ace8700

Heap address: 0x0000000082c00000, size: 2004 MB, Compressed Oops mode: 32-bit

CDS archive(s) mapped at: [0x000001b25a000000-0x000001b25ac50000-0x000001b25ac50000), size 12910592, SharedBaseAddress: 0x000001b25a000000, ArchiveRelocationMode: 1.
Compressed class space mapped at: 0x000001b25b000000-0x000001b29b000000, reserved size: 1073741824
Narrow klass base: 0x000001b25a000000, Narrow klass shift: 0, Narrow klass range: 0x41000000

GC Precious Log:
 CardTable entry size: 512
 Card Set container configuration: InlinePtr #cards 5 size 8 Array Of Cards #cards 12 size 40 Howl #buckets 4 coarsen threshold 1843 Howl Bitmap #cards 512 size 80 coarsen threshold 460 Card regions per heap region 1 cards per card region 2048
 CPUs: 8 total, 8 available
 Memory: 8015M
 Large Page Support: Disabled
 NUMA Support: Disabled
 Compressed Oops: Enabled (32-bit)
 Heap Region Size: 1M
 Heap Min Capacity: 8M
 Heap Initial Capacity: 126M
 Heap Max Capacity: 2004M
 Pre-touch: Disabled
 Parallel Workers: 8
 Concurrent Workers: 2
 Concurrent Refinement Workers: 8
 Periodic GC: Disabled

Heap:
 garbage-first heap   total reserved 2052096K, committed 94208K, used 43150K [0x0000000082c00000, 0x0000000100000000)
  region size 1024K, 0 young (0K), 0 survivors (0K)
 Metaspace       used 59149K, committed 59584K, reserved 1114112K
  class space    used 7876K, committed 8064K, reserved 1048576K

Heap Regions: E=young(eden), S=young(survivor), O=old, HS=humongous(starts), HC=humongous(continues), CS=collection set, F=free, TAMS=top-at-mark-start, PB=parsable bottom
|   0|0x0000000082c00000, 0x0000000082d00000, 0x0000000082d00000|100%|HS|  |TAMS 0x0000000082c00000| PB 0x0000000082c00000| Complete |  0
|   1|0x0000000082d00000, 0x0000000082e00000, 0x0000000082e00000|100%| O|  |TAMS 0x0000000082d00000| PB 0x0000000082d00000| Untracked |  0
|   2|0x0000000082e00000, 0x0000000082f00000, 0x0000000082f00000|100%| O|  |TAMS 0x0000000082e00000| PB 0x0000000082e00000| Untracked |  0
|   3|0x0000000082f00000, 0x0000000083000000, 0x0000000083000000|100%| O|  |TAMS 0x0000000082f00000| PB 0x0000000082f00000| Untracked |  0
|   4|0x0000000083000000, 0x0000000083100000, 0x0000000083100000|100%| O|  |TAMS 0x0000000083000000| PB 0x0000000083000000| Untracked |  0
|   5|0x0000000083100000, 0x0000000083200000, 0x0000000083200000|100%| O|  |TAMS 0x0000000083100000| PB 0x0000000083100000| Untracked |  0
|   6|0x0000000083200000, 0x0000000083300000, 0x0000000083300000|100%| O|  |TAMS 0x0000000083200000| PB 0x0000000083200000| Untracked |  0
|   7|0x0000000083300000, 0x0000000083400000, 0x0000000083400000|100%| O|  |TAMS 0x0000000083300000| PB 0x0000000083300000| Untracked |  0
|   8|0x0000000083400000, 0x0000000083500000, 0x0000000083500000|100%| O|  |TAMS 0x0000000083400000| PB 0x0000000083400000| Untracked |  0
|   9|0x0000000083500000, 0x0000000083600000, 0x0000000083600000|100%| O|  |TAMS 0x0000000083500000| PB 0x0000000083500000| Untracked |  0
|  10|0x0000000083600000, 0x0000000083700000, 0x0000000083700000|100%| O|  |TAMS 0x0000000083600000| PB 0x0000000083600000| Untracked |  0
|  11|0x0000000083700000, 0x0000000083700000, 0x0000000083800000|  0%| F|  |TAMS 0x0000000083700000| PB 0x0000000083700000| Untracked |  0
|  12|0x0000000083800000, 0x0000000083900000, 0x0000000083900000|100%| O|  |TAMS 0x0000000083800000| PB 0x0000000083800000| Untracked |  0
|  13|0x0000000083900000, 0x0000000083a00000, 0x0000000083a00000|100%| O|  |TAMS 0x0000000083900000| PB 0x0000000083900000| Untracked |  0
|  14|0x0000000083a00000, 0x0000000083b00000, 0x0000000083b00000|100%| O|  |TAMS 0x0000000083a00000| PB 0x0000000083a00000| Untracked |  0
|  15|0x0000000083b00000, 0x0000000083c00000, 0x0000000083c00000|100%| O|  |TAMS 0x0000000083b00000| PB 0x0000000083b00000| Untracked |  0
|  16|0x0000000083c00000, 0x0000000083d00000, 0x0000000083d00000|100%| O|  |TAMS 0x0000000083c00000| PB 0x0000000083c00000| Untracked |  0
|  17|0x0000000083d00000, 0x0000000083e00000, 0x0000000083e00000|100%| O|  |TAMS 0x0000000083d00000| PB 0x0000000083d00000| Untracked |  0
|  18|0x0000000083e00000, 0x0000000083f00000, 0x0000000083f00000|100%| O|  |TAMS 0x0000000083e00000| PB 0x0000000083e00000| Untracked |  0
|  19|0x0000000083f00000, 0x0000000084000000, 0x0000000084000000|100%| O|  |TAMS 0x0000000083f00000| PB 0x0000000083f00000| Untracked |  0
|  20|0x0000000084000000, 0x0000000084100000, 0x0000000084100000|100%| O|  |TAMS 0x0000000084000000| PB 0x0000000084000000| Untracked |  0
|  21|0x0000000084100000, 0x0000000084200000, 0x0000000084200000|100%| O|  |TAMS 0x0000000084100000| PB 0x0000000084100000| Untracked |  0
|  22|0x0000000084200000, 0x0000000084300000, 0x0000000084300000|100%| O|  |TAMS 0x0000000084200000| PB 0x0000000084200000| Untracked |  0
|  23|0x0000000084300000, 0x0000000084400000, 0x0000000084400000|100%| O|  |TAMS 0x0000000084300000| PB 0x0000000084300000| Untracked |  0
|  24|0x0000000084400000, 0x0000000084500000, 0x0000000084500000|100%| O|  |TAMS 0x0000000084400000| PB 0x0000000084400000| Untracked |  0
|  25|0x0000000084500000, 0x0000000084600000, 0x0000000084600000|100%| O|  |TAMS 0x0000000084500000| PB 0x0000000084500000| Untracked |  0
|  26|0x0000000084600000, 0x0000000084700000, 0x0000000084700000|100%|HS|  |TAMS 0x0000000084600000| PB 0x0000000084600000| Complete |  0
|  27|0x0000000084700000, 0x0000000084800000, 0x0000000084800000|100%|HC|  |TAMS 0x0000000084700000| PB 0x0000000084700000| Complete |  0
|  28|0x0000000084800000, 0x0000000084900000, 0x0000000084900000|100%| O|  |TAMS 0x0000000084800000| PB 0x0000000084800000| Untracked |  0
|  29|0x0000000084900000, 0x0000000084a00000, 0x0000000084a00000|100%| O|  |TAMS 0x0000000084900000| PB 0x0000000084900000| Untracked |  0
|  30|0x0000000084a00000, 0x0000000084b00000, 0x0000000084b00000|100%| O|  |TAMS 0x0000000084a00000| PB 0x0000000084a00000| Untracked |  0
|  31|0x0000000084b00000, 0x0000000084c00000, 0x0000000084c00000|100%| O|  |TAMS 0x0000000084b00000| PB 0x0000000084b00000| Untracked |  0
|  32|0x0000000084c00000, 0x0000000084d00000, 0x0000000084d00000|100%| O|  |TAMS 0x0000000084c00000| PB 0x0000000084c00000| Untracked |  0
|  33|0x0000000084d00000, 0x0000000084e00000, 0x0000000084e00000|100%| O|  |TAMS 0x0000000084d00000| PB 0x0000000084d00000| Untracked |  0
|  34|0x0000000084e00000, 0x0000000084f00000, 0x0000000084f00000|100%| O|  |TAMS 0x0000000084e00000| PB 0x0000000084e00000| Untracked |  0
|  35|0x0000000084f00000, 0x0000000085000000, 0x0000000085000000|100%| O|  |TAMS 0x0000000084f00000| PB 0x0000000084f00000| Untracked |  0
|  36|0x0000000085000000, 0x0000000085100000, 0x0000000085100000|100%| O|  |TAMS 0x0000000085000000| PB 0x0000000085000000| Untracked |  0
|  37|0x0000000085100000, 0x0000000085200000, 0x0000000085200000|100%|HS|  |TAMS 0x0000000085100000| PB 0x0000000085100000| Complete |  0
|  38|0x0000000085200000, 0x0000000085300000, 0x0000000085300000|100%| O|  |TAMS 0x0000000085200000| PB 0x0000000085200000| Untracked |  0
|  39|0x0000000085300000, 0x0000000085400000, 0x0000000085400000|100%| O|  |TAMS 0x0000000085300000| PB 0x0000000085300000| Untracked |  0
|  40|0x0000000085400000, 0x0000000085500000, 0x0000000085500000|100%| O|  |TAMS 0x0000000085400000| PB 0x0000000085400000| Untracked |  0
|  41|0x0000000085500000, 0x0000000085500000, 0x0000000085600000|  0%| F|  |TAMS 0x0000000085500000| PB 0x0000000085500000| Untracked |  0
|  42|0x0000000085600000, 0x0000000085700000, 0x0000000085700000|100%| O|  |TAMS 0x0000000085600000| PB 0x0000000085600000| Untracked |  0
|  43|0x0000000085700000, 0x0000000085800000, 0x0000000085800000|100%| O|  |TAMS 0x0000000085700000| PB 0x0000000085700000| Untracked |  0
|  44|0x0000000085800000, 0x00000000858239a0, 0x0000000085900000| 13%| O|  |TAMS 0x0000000085800000| PB 0x0000000085800000| Untracked |  0
|  45|0x0000000085900000, 0x0000000085900000, 0x0000000085a00000|  0%| F|  |TAMS 0x0000000085900000| PB 0x0000000085900000| Untracked |  0
|  46|0x0000000085a00000, 0x0000000085a00000, 0x0000000085b00000|  0%| F|  |TAMS 0x0000000085a00000| PB 0x0000000085a00000| Untracked |  0
|  47|0x0000000085b00000, 0x0000000085b00000, 0x0000000085c00000|  0%| F|  |TAMS 0x0000000085b00000| PB 0x0000000085b00000| Untracked |  0
|  48|0x0000000085c00000, 0x0000000085c00000, 0x0000000085d00000|  0%| F|  |TAMS 0x0000000085c00000| PB 0x0000000085c00000| Untracked |  0
|  49|0x0000000085d00000, 0x0000000085d00000, 0x0000000085e00000|  0%| F|  |TAMS 0x0000000085d00000| PB 0x0000000085d00000| Untracked |  0
|  50|0x0000000085e00000, 0x0000000085e00000, 0x0000000085f00000|  0%| F|  |TAMS 0x0000000085e00000| PB 0x0000000085e00000| Untracked |  0
|  51|0x0000000085f00000, 0x0000000085f00000, 0x0000000086000000|  0%| F|  |TAMS 0x0000000085f00000| PB 0x0000000085f00000| Untracked |  0
|  52|0x0000000086000000, 0x0000000086000000, 0x0000000086100000|  0%| F|  |TAMS 0x0000000086000000| PB 0x0000000086000000| Untracked |  0
|  53|0x0000000086100000, 0x0000000086100000, 0x0000000086200000|  0%| F|  |TAMS 0x0000000086100000| PB 0x0000000086100000| Untracked |  0
|  54|0x0000000086200000, 0x0000000086200000, 0x0000000086300000|  0%| F|  |TAMS 0x0000000086200000| PB 0x0000000086200000| Untracked |  0
|  55|0x0000000086300000, 0x0000000086300000, 0x0000000086400000|  0%| F|  |TAMS 0x0000000086300000| PB 0x0000000086300000| Untracked |  0
|  56|0x0000000086400000, 0x0000000086400000, 0x0000000086500000|  0%| F|  |TAMS 0x0000000086400000| PB 0x0000000086400000| Untracked |  0
|  57|0x0000000086500000, 0x0000000086500000, 0x0000000086600000|  0%| F|  |TAMS 0x0000000086500000| PB 0x0000000086500000| Untracked |  0
|  58|0x0000000086600000, 0x0000000086600000, 0x0000000086700000|  0%| F|  |TAMS 0x0000000086600000| PB 0x0000000086600000| Untracked |  0
|  59|0x0000000086700000, 0x0000000086700000, 0x0000000086800000|  0%| F|  |TAMS 0x0000000086700000| PB 0x0000000086700000| Untracked |  0
|  60|0x0000000086800000, 0x0000000086800000, 0x0000000086900000|  0%| F|  |TAMS 0x0000000086800000| PB 0x0000000086800000| Untracked |  0
|  61|0x0000000086900000, 0x0000000086900000, 0x0000000086a00000|  0%| F|  |TAMS 0x0000000086900000| PB 0x0000000086900000| Untracked |  0
|  62|0x0000000086a00000, 0x0000000086a00000, 0x0000000086b00000|  0%| F|  |TAMS 0x0000000086a00000| PB 0x0000000086a00000| Untracked |  0
|  63|0x0000000086b00000, 0x0000000086b00000, 0x0000000086c00000|  0%| F|  |TAMS 0x0000000086b00000| PB 0x0000000086b00000| Untracked |  0
|  64|0x0000000086c00000, 0x0000000086c00000, 0x0000000086d00000|  0%| F|  |TAMS 0x0000000086c00000| PB 0x0000000086c00000| Untracked |  0
|  65|0x0000000086d00000, 0x0000000086d00000, 0x0000000086e00000|  0%| F|  |TAMS 0x0000000086d00000| PB 0x0000000086d00000| Untracked |  0
|  66|0x0000000086e00000, 0x0000000086e00000, 0x0000000086f00000|  0%| F|  |TAMS 0x0000000086e00000| PB 0x0000000086e00000| Untracked |  0
|  67|0x0000000086f00000, 0x0000000086f00000, 0x0000000087000000|  0%| F|  |TAMS 0x0000000086f00000| PB 0x0000000086f00000| Untracked |  0
|  68|0x0000000087000000, 0x0000000087000000, 0x0000000087100000|  0%| F|  |TAMS 0x0000000087000000| PB 0x0000000087000000| Untracked |  0
|  69|0x0000000087100000, 0x0000000087100000, 0x0000000087200000|  0%| F|  |TAMS 0x0000000087100000| PB 0x0000000087100000| Untracked |  0
|  70|0x0000000087200000, 0x0000000087200000, 0x0000000087300000|  0%| F|  |TAMS 0x0000000087200000| PB 0x0000000087200000| Untracked |  0
|  71|0x0000000087300000, 0x0000000087300000, 0x0000000087400000|  0%| F|  |TAMS 0x0000000087300000| PB 0x0000000087300000| Untracked |  0
|  72|0x0000000087400000, 0x0000000087400000, 0x0000000087500000|  0%| F|  |TAMS 0x0000000087400000| PB 0x0000000087400000| Untracked |  0
|  73|0x0000000087500000, 0x0000000087500000, 0x0000000087600000|  0%| F|  |TAMS 0x0000000087500000| PB 0x0000000087500000| Untracked |  0
|  74|0x0000000087600000, 0x0000000087600000, 0x0000000087700000|  0%| F|  |TAMS 0x0000000087600000| PB 0x0000000087600000| Untracked |  0
|  75|0x0000000087700000, 0x0000000087700000, 0x0000000087800000|  0%| F|  |TAMS 0x0000000087700000| PB 0x0000000087700000| Untracked |  0
|  76|0x0000000087800000, 0x0000000087800000, 0x0000000087900000|  0%| F|  |TAMS 0x0000000087800000| PB 0x0000000087800000| Untracked |  0
|  77|0x0000000087900000, 0x0000000087900000, 0x0000000087a00000|  0%| F|  |TAMS 0x0000000087900000| PB 0x0000000087900000| Untracked |  0
|  78|0x0000000087a00000, 0x0000000087a00000, 0x0000000087b00000|  0%| F|  |TAMS 0x0000000087a00000| PB 0x0000000087a00000| Untracked |  0
|  79|0x0000000087b00000, 0x0000000087b00000, 0x0000000087c00000|  0%| F|  |TAMS 0x0000000087b00000| PB 0x0000000087b00000| Untracked |  0
|  80|0x0000000087c00000, 0x0000000087c00000, 0x0000000087d00000|  0%| F|  |TAMS 0x0000000087c00000| PB 0x0000000087c00000| Untracked |  0
|  81|0x0000000087d00000, 0x0000000087d00000, 0x0000000087e00000|  0%| F|  |TAMS 0x0000000087d00000| PB 0x0000000087d00000| Untracked |  0
|  82|0x0000000087e00000, 0x0000000087e00000, 0x0000000087f00000|  0%| F|  |TAMS 0x0000000087e00000| PB 0x0000000087e00000| Untracked |  0
|  83|0x0000000087f00000, 0x0000000087f00000, 0x0000000088000000|  0%| F|  |TAMS 0x0000000087f00000| PB 0x0000000087f00000| Untracked |  0
|  84|0x0000000088000000, 0x0000000088000000, 0x0000000088100000|  0%| F|  |TAMS 0x0000000088000000| PB 0x0000000088000000| Untracked |  0
|  85|0x0000000088100000, 0x0000000088100000, 0x0000000088200000|  0%| F|  |TAMS 0x0000000088100000| PB 0x0000000088100000| Untracked |  0
|  86|0x0000000088200000, 0x0000000088200000, 0x0000000088300000|  0%| F|  |TAMS 0x0000000088200000| PB 0x0000000088200000| Untracked |  0
|  87|0x0000000088300000, 0x0000000088300000, 0x0000000088400000|  0%| F|  |TAMS 0x0000000088300000| PB 0x0000000088300000| Untracked |  0
|  88|0x0000000088400000, 0x0000000088400000, 0x0000000088500000|  0%| F|  |TAMS 0x0000000088400000| PB 0x0000000088400000| Untracked |  0
|  89|0x0000000088500000, 0x0000000088500000, 0x0000000088600000|  0%| F|  |TAMS 0x0000000088500000| PB 0x0000000088500000| Untracked |  0
|  90|0x0000000088600000, 0x0000000088600000, 0x0000000088700000|  0%| F|  |TAMS 0x0000000088600000| PB 0x0000000088600000| Untracked |  0
| 125|0x000000008a900000, 0x000000008a900000, 0x000000008aa00000|  0%| F|  |TAMS 0x000000008a900000| PB 0x000000008a900000| Untracked |  0

Card table byte_map: [0x000001b254960000,0x000001b254d50000] _byte_map_base: 0x000001b25454a000

Marking Bits: (CMBitMap*) 0x000001b23cf50df0
 Bits: [0x000001b254d50000, 0x000001b256ca0000)

Polling page: 0x000001b23aeb0000

Metaspace:

Usage:
  Non-class:     50.07 MB used.
      Class:      7.69 MB used.
       Both:     57.76 MB used.

Virtual space:
  Non-class space:       64.00 MB reserved,      50.31 MB ( 79%) committed,  1 nodes.
      Class space:        1.00 GB reserved,       7.88 MB ( <1%) committed,  1 nodes.
             Both:        1.06 GB reserved,      58.19 MB (  5%) committed. 

Chunk freelists:
   Non-Class:  13.36 MB
       Class:  8.14 MB
        Both:  21.50 MB

MaxMetaspaceSize: unlimited
CompressedClassSpaceSize: 1.00 GB
Initial GC threshold: 21.00 MB
Current GC threshold: 97.00 MB
CDS: on
 - commit_granule_bytes: 65536.
 - commit_granule_words: 8192.
 - virtual_space_node_default_size: 8388608.
 - enlarge_chunks_in_place: 1.
 - use_allocation_guard: 0.


Internal statistics:

num_allocs_failed_limit: 6.
num_arena_births: 464.
num_arena_deaths: 0.
num_vsnodes_births: 2.
num_vsnodes_deaths: 0.
num_space_committed: 931.
num_space_uncommitted: 0.
num_chunks_returned_to_freelist: 6.
num_chunks_taken_from_freelist: 2367.
num_chunk_merges: 6.
num_chunk_splits: 1783.
num_chunks_enlarged: 1543.
num_inconsistent_stats: 0.

CodeHeap 'non-profiled nmethods': size=120000Kb used=3483Kb max_used=3908Kb free=116516Kb
 bounds [0x000001b24cd10000, 0x000001b24d0f0000, 0x000001b254240000]
CodeHeap 'profiled nmethods': size=120000Kb used=10416Kb max_used=11429Kb free=109583Kb
 bounds [0x000001b245240000, 0x000001b245d70000, 0x000001b24c770000]
CodeHeap 'non-nmethods': size=5760Kb used=1578Kb max_used=1650Kb free=4181Kb
 bounds [0x000001b24c770000, 0x000001b24c9e0000, 0x000001b24cd10000]
 total_blobs=5820 nmethods=5187 adapters=537
 compilation: enabled
              stopped_count=0, restarted_count=0
 full_count=0

Compilation events (20 events):
Event: 6.325 Thread 0x000001b2596ec8d0 nmethod 5897 0x000001b24cd6fd90 code [0x000001b24cd6ff20, 0x000001b24cd70038]
Event: 6.329 Thread 0x000001b29f245260 nmethod 5719 0x000001b24cf03e10 code [0x000001b24cf042e0, 0x000001b24cf06e60]
Event: 6.339 Thread 0x000001b25970d390 5898       3       java.lang.Short::parseShort (7 bytes)
Event: 6.339 Thread 0x000001b25970d390 nmethod 5898 0x000001b24529a210 code [0x000001b24529a3c0, 0x000001b24529a4e0]
Event: 6.339 Thread 0x000001b25970d390 5899       3       java.lang.Short::parseShort (59 bytes)
Event: 6.339 Thread 0x000001b25970d390 nmethod 5899 0x000001b2453d6010 code [0x000001b2453d6280, 0x000001b2453d6a08]
Event: 6.340 Thread 0x000001b2596ec8d0 5900       4       java.lang.Short::parseShort (7 bytes)
Event: 6.340 Thread 0x000001b29f245260 5901       4       java.lang.Short::parseShort (59 bytes)
Event: 6.340 Thread 0x000001b2596ec8d0 nmethod 5900 0x000001b24cda4710 code [0x000001b24cda48a0, 0x000001b24cda4970]
Event: 6.340 Thread 0x000001b29f245260 nmethod 5901 0x000001b24cd10a10 code [0x000001b24cd10ba0, 0x000001b24cd10c70]
Event: 6.350 Thread 0x000001b25970d390 5902 %     3       org.apache.lucene.morphology.MorphologyImpl::readRulesId @ 12 (44 bytes)
Event: 6.350 Thread 0x000001b25970d390 nmethod 5902% 0x000001b24571c910 code [0x000001b24571cb00, 0x000001b24571d068]
Event: 6.350 Thread 0x000001b25970d390 5903       3       org.apache.lucene.morphology.MorphologyImpl::readRulesId (44 bytes)
Event: 6.351 Thread 0x000001b29fad8f80 nmethod 5712 0x000001b24ce56690 code [0x000001b24ce57040, 0x000001b24ce5d610]
Event: 6.351 Thread 0x000001b25970d390 nmethod 5903 0x000001b245242c90 code [0x000001b245242e80, 0x000001b245243308]
Event: 6.353 Thread 0x000001b29fad8f80 5904 %     4       org.apache.lucene.morphology.MorphologyImpl::readRulesId @ 12 (44 bytes)
Event: 6.358 Thread 0x000001b29f245260 5905       4       java.nio.Buffer::position (52 bytes)
Event: 6.359 Thread 0x000001b29f245260 nmethod 5905 0x000001b24cda5410 code [0x000001b24cda55a0, 0x000001b24cda5690]
Event: 6.362 Thread 0x000001b29fad8f80 nmethod 5904% 0x000001b24ce04210 code [0x000001b24ce04440, 0x000001b24ce04c88]
Event: 6.366 Thread 0x000001b29fad8f80 5906   !   4       java.nio.CharBuffer::wrap (21 bytes)

GC Heap History (20 events):
Event: 4.259 GC heap after
{Heap after GC invocations=10 (full 0):
 garbage-first heap   total reserved 2052096K, committed 54272K, used 21017K [0x0000000082c00000, 0x0000000100000000)
  region size 1024K, 4 young (4096K), 4 survivors (4096K)
 Metaspace       used 40461K, committed 40832K, reserved 1114112K
  class space    used 5054K, committed 5184K, reserved 1048576K
}
Event: 4.755 GC heap before
{Heap before GC invocations=10 (full 0):
 garbage-first heap   total reserved 2052096K, committed 54272K, used 45593K [0x0000000082c00000, 0x0000000100000000)
  region size 1024K, 28 young (28672K), 4 survivors (4096K)
 Metaspace       used 45330K, committed 45696K, reserved 1114112K
  class space    used 5748K, committed 5888K, reserved 1048576K
}
Event: 4.760 GC heap after
{Heap after GC invocations=11 (full 0):
 garbage-first heap   total reserved 2052096K, committed 54272K, used 23035K [0x0000000082c00000, 0x0000000100000000)
  region size 1024K, 3 young (3072K), 3 survivors (3072K)
 Metaspace       used 45330K, committed 45696K, reserved 1114112K
  class space    used 5748K, committed 5888K, reserved 1048576K
}
Event: 5.320 GC heap before
{Heap before GC invocations=11 (full 0):
 garbage-first heap   total reserved 2052096K, committed 54272K, used 45563K [0x0000000082c00000, 0x0000000100000000)
  region size 1024K, 26 young (26624K), 3 survivors (3072K)
 Metaspace       used 52591K, committed 52928K, reserved 1114112K
  class space    used 6914K, committed 7040K, reserved 1048576K
}
Event: 5.323 GC heap after
{Heap after GC invocations=12 (full 0):
 garbage-first heap   total reserved 2052096K, committed 54272K, used 24244K [0x0000000082c00000, 0x0000000100000000)
  region size 1024K, 2 young (2048K), 2 survivors (2048K)
 Metaspace       used 52591K, committed 52928K, reserved 1114112K
  class space    used 6914K, committed 7040K, reserved 1048576K
}
Event: 5.804 GC heap before
{Heap before GC invocations=12 (full 0):
 garbage-first heap   total reserved 2052096K, committed 54272K, used 46772K [0x0000000082c00000, 0x0000000100000000)
  region size 1024K, 24 young (24576K), 2 survivors (2048K)
 Metaspace       used 57178K, committed 57664K, reserved 1114112K
  class space    used 7587K, committed 7808K, reserved 1048576K
}
Event: 5.808 GC heap after
{Heap after GC invocations=13 (full 0):
 garbage-first heap   total reserved 2052096K, committed 54272K, used 25831K [0x0000000082c00000, 0x0000000100000000)
  region size 1024K, 3 young (3072K), 3 survivors (3072K)
 Metaspace       used 57178K, committed 57664K, reserved 1114112K
  class space    used 7587K, committed 7808K, reserved 1048576K
}
Event: 6.059 GC heap before
{Heap before GC invocations=13 (full 0):
 garbage-first heap   total reserved 2052096K, committed 54272K, used 46311K [0x0000000082c00000, 0x0000000100000000)
  region size 1024K, 23 young (23552K), 3 survivors (3072K)
 Metaspace       used 58931K, committed 59392K, reserved 1114112K
  class space    used 7861K, committed 8064K, reserved 1048576K
}
Event: 6.064 GC heap after
{Heap after GC invocations=14 (full 0):
 garbage-first heap   total reserved 2052096K, committed 54272K, used 26807K [0x0000000082c00000, 0x0000000100000000)
  region size 1024K, 3 young (3072K), 3 survivors (3072K)
 Metaspace       used 58931K, committed 59392K, reserved 1114112K
  class space    used 7861K, committed 8064K, reserved 1048576K
}
Event: 6.127 GC heap before
{Heap before GC invocations=14 (full 0):
 garbage-first heap   total reserved 2052096K, committed 54272K, used 32951K [0x0000000082c00000, 0x0000000100000000)
  region size 1024K, 10 young (10240K), 3 survivors (3072K)
 Metaspace       used 59139K, committed 59584K, reserved 1114112K
  class space    used 7876K, committed 8064K, reserved 1048576K
}
Event: 6.130 GC heap after
{Heap after GC invocations=15 (full 0):
 garbage-first heap   total reserved 2052096K, committed 65536K, used 27120K [0x0000000082c00000, 0x0000000100000000)
  region size 1024K, 2 young (2048K), 2 survivors (2048K)
 Metaspace       used 59139K, committed 59584K, reserved 1114112K
  class space    used 7876K, committed 8064K, reserved 1048576K
}
Event: 6.197 GC heap before
{Heap before GC invocations=15 (full 0):
 garbage-first heap   total reserved 2052096K, committed 65536K, used 58864K [0x0000000082c00000, 0x0000000100000000)
  region size 1024K, 31 young (31744K), 2 survivors (2048K)
 Metaspace       used 59148K, committed 59584K, reserved 1114112K
  class space    used 7876K, committed 8064K, reserved 1048576K
}
Event: 6.202 GC heap after
{Heap after GC invocations=16 (full 0):
 garbage-first heap   total reserved 2052096K, committed 65536K, used 33175K [0x0000000082c00000, 0x0000000100000000)
  region size 1024K, 4 young (4096K), 4 survivors (4096K)
 Metaspace       used 59148K, committed 59584K, reserved 1114112K
  class space    used 7876K, committed 8064K, reserved 1048576K
}
Event: 6.241 GC heap before
{Heap before GC invocations=16 (full 0):
 garbage-first heap   total reserved 2052096K, committed 65536K, used 56727K [0x0000000082c00000, 0x0000000100000000)
  region size 1024K, 27 young (27648K), 4 survivors (4096K)
 Metaspace       used 59148K, committed 59584K, reserved 1114112K
  class space    used 7876K, committed 8064K, reserved 1048576K
}
Event: 6.250 GC heap after
{Heap after GC invocations=17 (full 0):
 garbage-first heap   total reserved 2052096K, committed 65536K, used 37109K [0x0000000082c00000, 0x0000000100000000)
  region size 1024K, 4 young (4096K), 4 survivors (4096K)
 Metaspace       used 59148K, committed 59584K, reserved 1114112K
  class space    used 7876K, committed 8064K, reserved 1048576K
}
Event: 6.305 GC heap before
{Heap before GC invocations=18 (full 0):
 garbage-first heap   total reserved 2052096K, committed 65536K, used 56565K [0x0000000082c00000, 0x0000000100000000)
  region size 1024K, 23 young (23552K), 4 survivors (4096K)
 Metaspace       used 59148K, committed 59584K, reserved 1114112K
  class space    used 7876K, committed 8064K, reserved 1048576K
}
Event: 6.313 GC heap after
{Heap after GC invocations=19 (full 0):
 garbage-first heap   total reserved 2052096K, committed 65536K, used 40103K [0x0000000082c00000, 0x0000000100000000)
  region size 1024K, 3 young (3072K), 3 survivors (3072K)
 Metaspace       used 59148K, committed 59584K, reserved 1114112K
  class space    used 7876K, committed 8064K, reserved 1048576K
}
Event: 6.341 GC heap before
{Heap before GC invocations=19 (full 0):
 garbage-first heap   total reserved 2052096K, committed 65536K, used 58535K [0x0000000082c00000, 0x0000000100000000)
  region size 1024K, 20 young (20480K), 3 survivors (3072K)
 Metaspace       used 59149K, committed 59584K, reserved 1114112K
  class space    used 7876K, committed 8064K, reserved 1048576K
}
Event: 6.346 GC heap after
{Heap after GC invocations=20 (full 0):
 garbage-first heap   total reserved 2052096K, committed 65536K, used 43588K [0x0000000082c00000, 0x0000000100000000)
  region size 1024K, 3 young (3072K), 3 survivors (3072K)
 Metaspace       used 59149K, committed 59584K, reserved 1114112K
  class space    used 7876K, committed 8064K, reserved 1048576K
}
Event: 6.367 GC heap before
{Heap before GC invocations=20 (full 0):
 garbage-first heap   total reserved 2052096K, committed 65536K, used 56900K [0x0000000082c00000, 0x0000000100000000)
  region size 1024K, 16 young (16384K), 3 survivors (3072K)
 Metaspace       used 59149K, committed 59584K, reserved 1114112K
  class space    used 7876K, committed 8064K, reserved 1048576K
}

Dll operation events (15 events):
Event: 0.012 Loaded shared library C:\Users\User\.jdks\openjdk-22.0.1\bin\java.dll
Event: 0.049 Loaded shared library C:\Users\User\.jdks\openjdk-22.0.1\bin\jsvml.dll
Event: 0.122 Loaded shared library C:\Users\User\.jdks\openjdk-22.0.1\bin\zip.dll
Event: 0.127 Loaded shared library C:\Users\User\.jdks\openjdk-22.0.1\bin\instrument.dll
Event: 0.132 Loaded shared library C:\Users\User\.jdks\openjdk-22.0.1\bin\net.dll
Event: 0.134 Loaded shared library C:\Users\User\.jdks\openjdk-22.0.1\bin\nio.dll
Event: 0.136 Loaded shared library C:\Users\User\.jdks\openjdk-22.0.1\bin\zip.dll
Event: 0.414 Loaded shared library D:\Skillbox\Intellij IDEA\IntelliJ IDEA Community Edition 2024.2.3\bin\breakgen64.dll
Event: 0.422 Loaded shared library C:\Users\User\.jdks\openjdk-22.0.1\bin\extnet.dll
Event: 0.447 Loaded shared library C:\Users\User\.jdks\openjdk-22.0.1\bin\verify.dll
Event: 0.451 Loaded shared library C:\Users\User\.jdks\openjdk-22.0.1\bin\jimage.dll
Event: 1.230 Loaded shared library C:\Users\User\.jdks\openjdk-22.0.1\bin\management.dll
Event: 1.233 Loaded shared library C:\Users\User\.jdks\openjdk-22.0.1\bin\management_ext.dll
Event: 1.370 Loaded shared library C:\Users\User\.jdks\openjdk-22.0.1\bin\le.dll
Event: 3.155 Loaded shared library C:\Users\User\.jdks\openjdk-22.0.1\bin\sunmscapi.dll

Deoptimization events (20 events):
Event: 6.066 Thread 0x000001b23ace8700 Uncommon trap: trap_request=0xffffff45 fr.pc=0x000001b24cd9fed0 relative=0x0000000000000110
Event: 6.066 Thread 0x000001b23ace8700 Uncommon trap: reason=unstable_if action=reinterpret pc=0x000001b24cd9fed0 method=java.lang.ref.ReferenceQueue.poll()Ljava/lang/ref/Reference; @ 4 c2
Event: 6.066 Thread 0x000001b23ace8700 DEOPT PACKING pc=0x000001b24cd9fed0 sp=0x0000003468dfc0b0
Event: 6.066 Thread 0x000001b23ace8700 DEOPT UNPACKING pc=0x000001b24c7c46a2 sp=0x0000003468dfbf68 mode 2
Event: 6.066 Thread 0x000001b23ace8700 Uncommon trap: trap_request=0xffffff45 fr.pc=0x000001b24cd70fec relative=0x000000000000006c
Event: 6.066 Thread 0x000001b23ace8700 Uncommon trap: reason=unstable_if action=reinterpret pc=0x000001b24cd70fec method=java.lang.ref.ReferenceQueue.headIsNull()Z @ 4 c2
Event: 6.066 Thread 0x000001b23ace8700 DEOPT PACKING pc=0x000001b24cd70fec sp=0x0000003468dfbf00
Event: 6.066 Thread 0x000001b23ace8700 DEOPT UNPACKING pc=0x000001b24c7c46a2 sp=0x0000003468dfbe28 mode 2
Event: 6.133 Thread 0x000001b23ace8700 Uncommon trap: trap_request=0xffffff45 fr.pc=0x000001b24cee346c relative=0x000000000000006c
Event: 6.133 Thread 0x000001b23ace8700 Uncommon trap: reason=unstable_if action=reinterpret pc=0x000001b24cee346c method=java.nio.charset.CoderResult.isUnderflow()Z @ 4 c2
Event: 6.133 Thread 0x000001b23ace8700 DEOPT PACKING pc=0x000001b24cee346c sp=0x0000003468dfc8b0
Event: 6.133 Thread 0x000001b23ace8700 DEOPT UNPACKING pc=0x000001b24c7c46a2 sp=0x0000003468dfc840 mode 2
Event: 6.196 Thread 0x000001b23ace8700 DEOPT PACKING pc=0x000001b245d6460c sp=0x0000003468dfcc30
Event: 6.196 Thread 0x000001b23ace8700 DEOPT UNPACKING pc=0x000001b24c7c4e42 sp=0x0000003468dfc138 mode 0
Event: 6.339 Thread 0x000001b23ace8700 Uncommon trap: trap_request=0xffffff45 fr.pc=0x000001b24d0d9478 relative=0x0000000000000db8
Event: 6.339 Thread 0x000001b23ace8700 Uncommon trap: reason=unstable_if action=reinterpret pc=0x000001b24d0d9478 method=org.apache.lucene.morphology.MorphologyImpl.readSeparators(Ljava/io/BufferedReader;Ljava/lang/Integer;)V @ 18 c2
Event: 6.339 Thread 0x000001b23ace8700 DEOPT PACKING pc=0x000001b24d0d9478 sp=0x0000003468dfcc60
Event: 6.339 Thread 0x000001b23ace8700 DEOPT UNPACKING pc=0x000001b24c7c46a2 sp=0x0000003468dfcc38 mode 2
Event: 6.362 Thread 0x000001b23ace8700 DEOPT PACKING pc=0x000001b24571cfc1 sp=0x0000003468dfcc50
Event: 6.362 Thread 0x000001b23ace8700 DEOPT UNPACKING pc=0x000001b24c7c4e42 sp=0x0000003468dfc148 mode 0

Classes loaded (20 events):
Event: 5.983 Loading class java/util/regex/Pattern$NotBehind
Event: 5.983 Loading class java/util/regex/Pattern$NotBehind done
Event: 5.983 Loading class java/util/regex/Pattern$Behind
Event: 5.983 Loading class java/util/regex/Pattern$Behind done
Event: 6.023 Loading class java/lang/ObjectCustomizer
Event: 6.023 Loading class java/lang/ObjectCustomizer done
Event: 6.023 Loading class java/lang/ObjectCustomizer
Event: 6.023 Loading class java/lang/ObjectCustomizer done
Event: 6.031 Loading class java/util/WeakHashMap$KeyIterator
Event: 6.031 Loading class java/util/WeakHashMap$HashIterator
Event: 6.031 Loading class java/util/WeakHashMap$HashIterator done
Event: 6.031 Loading class java/util/WeakHashMap$KeyIterator done
Event: 6.031 Loading class java/util/WeakHashMap$EntrySet
Event: 6.031 Loading class java/util/WeakHashMap$EntrySet done
Event: 6.032 Loading class java/util/WeakHashMap$EntryIterator
Event: 6.032 Loading class java/util/WeakHashMap$EntryIterator done
Event: 6.086 Loading class java/lang/ObjectCustomizer
Event: 6.086 Loading class java/lang/ObjectCustomizer done
Event: 6.086 Loading class java/lang/ObjectCustomizer
Event: 6.086 Loading class java/lang/ObjectCustomizer done

Classes unloaded (0 events):
No events

Classes redefined (0 events):
No events

Internal exceptions (20 events):
Event: 5.639 Thread 0x000001b23ace8700 Exception <a 'java/lang/ClassNotFoundException'{0x00000000853b0108}: org/springframework/beans/factory/AwareCustomizer> (0x00000000853b0108) 
thrown [s\open\src\hotspot\share\classfile\systemDictionary.cpp, line 313]
Event: 5.639 Thread 0x000001b23ace8700 Exception <a 'java/lang/ClassNotFoundException'{0x00000000853b3910}: org/springframework/context/ApplicationEventPublisherAwareCustomizer> (0x00000000853b3910) 
thrown [s\open\src\hotspot\share\classfile\systemDictionary.cpp, line 313]
Event: 5.639 Thread 0x000001b23ace8700 Exception <a 'java/lang/ClassNotFoundException'{0x00000000853b83b8}: org/springframework/beans/factory/AwareCustomizer> (0x00000000853b83b8) 
thrown [s\open\src\hotspot\share\classfile\systemDictionary.cpp, line 313]
Event: 5.645 Thread 0x000001b23ace8700 Exception <a 'java/lang/ClassNotFoundException'{0x00000000853e38f8}: java/lang/ObjectCustomizer> (0x00000000853e38f8) 
thrown [s\open\src\hotspot\share\classfile\systemDictionary.cpp, line 313]
Event: 5.645 Thread 0x000001b23ace8700 Exception <a 'java/lang/ClassNotFoundException'{0x00000000853ea4a0}: org/springframework/core/io/support/PropertiesLoaderSupportCustomizer> (0x00000000853ea4a0) 
thrown [s\open\src\hotspot\share\classfile\systemDictionary.cpp, line 313]
Event: 5.646 Thread 0x000001b23ace8700 Exception <a 'java/lang/ClassNotFoundException'{0x00000000853f6890}: org/springframework/beans/factory/config/PropertiesFactoryBeanCustomizer> (0x00000000853f6890) 
thrown [s\open\src\hotspot\share\classfile\systemDictionary.cpp, line 313]
Event: 5.647 Thread 0x000001b23ace8700 Exception <a 'java/lang/ClassNotFoundException'{0x000000008520b870}: org/springframework/beans/factory/FactoryBeanCustomizer> (0x000000008520b870) 
thrown [s\open\src\hotspot\share\classfile\systemDictionary.cpp, line 313]
Event: 5.647 Thread 0x000001b23ace8700 Exception <a 'java/lang/ClassNotFoundException'{0x0000000085211898}: org/springframework/beans/factory/InitializingBeanCustomizer> (0x0000000085211898) 
thrown [s\open\src\hotspot\share\classfile\systemDictionary.cpp, line 313]
Event: 5.710 Thread 0x000001b23ace8700 Exception <a 'java/lang/IncompatibleClassChangeError'{0x0000000084e86878}: Found class java.lang.Object, but interface was expected> (0x0000000084e86878) 
thrown [s\open\src\hotspot\share\interpreter\linkResolver.cpp, line 841]
Event: 5.803 Thread 0x000001b23ace8700 Exception <a 'java/lang/ClassNotFoundException'{0x0000000084be5998}: java/lang/ObjectCustomizer> (0x0000000084be5998) 
thrown [s\open\src\hotspot\share\classfile\systemDictionary.cpp, line 313]
Event: 5.804 Thread 0x000001b23ace8700 Exception <a 'java/lang/ClassNotFoundException'{0x0000000084bebea0}: searchengine/model/SiteCustomizer> (0x0000000084bebea0) 
thrown [s\open\src\hotspot\share\classfile\systemDictionary.cpp, line 313]
Event: 5.836 Thread 0x000001b23ace8700 Exception <a 'java/lang/NoSuchMethodError'{0x000000008a9d1620}: 'int java.lang.invoke.DirectMethodHandle$Holder.invokeVirtual(java.lang.Object, java.lang.Object, java.lang.Object)'> (0x000000008a9d1620) 
thrown [s\open\src\hotspot\share\interpreter\linkResolver.cpp, line 774]
Event: 5.874 Thread 0x000001b23ace8700 Exception <a 'java/lang/IncompatibleClassChangeError'{0x000000008857e3c8}: Found class java.lang.Object, but interface was expected> (0x000000008857e3c8) 
thrown [s\open\src\hotspot\share\interpreter\linkResolver.cpp, line 841]
Event: 5.958 Thread 0x000001b23ace8700 Exception <a 'java/lang/NoSuchMethodError'{0x00000000856fd4c0}: 'java.lang.Object java.lang.invoke.DirectMethodHandle$Holder.invokeStatic(java.lang.Object, java.lang.Object, int, java.lang.Object)'> (0x00000000856fd4c0) 
thrown [s\open\src\hotspot\share\interpreter\linkResolver.cpp, line 774]
Event: 5.958 Thread 0x000001b23ace8700 Exception <a 'java/lang/NoSuchMethodError'{0x0000000085503f60}: 'java.lang.Object java.lang.invoke.DirectMethodHandle$Holder.newInvokeSpecial(java.lang.Object, java.lang.Object, int)'> (0x0000000085503f60) 
thrown [s\open\src\hotspot\share\interpreter\linkResolver.cpp, line 774]
Event: 5.962 Thread 0x000001b23ace8700 Exception <a 'java/lang/IncompatibleClassChangeError'{0x000000008552da20}: Found class java.lang.Object, but interface was expected> (0x000000008552da20) 
thrown [s\open\src\hotspot\share\interpreter\linkResolver.cpp, line 841]
Event: 6.023 Thread 0x000001b23ace8700 Exception <a 'java/lang/ClassNotFoundException'{0x0000000085394f88}: java/lang/ObjectCustomizer> (0x0000000085394f88) 
thrown [s\open\src\hotspot\share\classfile\systemDictionary.cpp, line 313]
Event: 6.024 Thread 0x000001b23ace8700 Exception <a 'java/lang/ClassNotFoundException'{0x000000008539b490}: searchengine/model/PageCustomizer> (0x000000008539b490) 
thrown [s\open\src\hotspot\share\classfile\systemDictionary.cpp, line 313]
Event: 6.086 Thread 0x000001b23ace8700 Exception <a 'java/lang/ClassNotFoundException'{0x000000008a9a4a70}: java/lang/ObjectCustomizer> (0x000000008a9a4a70) 
thrown [s\open\src\hotspot\share\classfile\systemDictionary.cpp, line 313]
Event: 6.087 Thread 0x000001b23ace8700 Exception <a 'java/lang/ClassNotFoundException'{0x000000008a9aafa8}: searchengine/model/LemmaCustomizer> (0x000000008a9aafa8) 
thrown [s\open\src\hotspot\share\classfile\systemDictionary.cpp, line 313]

ZGC Phase Switch (0 events):
No events

VM Operations (20 events):
Event: 5.908 Executing VM operation: HandshakeAllThreads (Deoptimize) done
Event: 5.909 Executing VM operation: HandshakeAllThreads (Deoptimize)
Event: 5.909 Executing VM operation: HandshakeAllThreads (Deoptimize) done
Event: 6.058 Executing VM operation: G1CollectForAllocation (G1 Evacuation Pause)
Event: 6.064 Executing VM operation: G1CollectForAllocation (G1 Evacuation Pause) done
Event: 6.127 Executing VM operation: G1TryInitiateConcMark (G1 Humongous Allocation)
Event: 6.130 Executing VM operation: G1TryInitiateConcMark (G1 Humongous Allocation) done
Event: 6.196 Executing VM operation: G1CollectForAllocation (G1 Evacuation Pause)
Event: 6.202 Executing VM operation: G1CollectForAllocation (G1 Evacuation Pause) done
Event: 6.241 Executing VM operation: G1CollectForAllocation (G1 Evacuation Pause)
Event: 6.250 Executing VM operation: G1CollectForAllocation (G1 Evacuation Pause) done
Event: 6.289 Executing VM operation: G1PauseRemark
Event: 6.296 Executing VM operation: G1PauseRemark done
Event: 6.305 Executing VM operation: G1CollectForAllocation (G1 Evacuation Pause)
Event: 6.313 Executing VM operation: G1CollectForAllocation (G1 Evacuation Pause) done
Event: 6.318 Executing VM operation: G1PauseCleanup
Event: 6.318 Executing VM operation: G1PauseCleanup done
Event: 6.341 Executing VM operation: G1CollectForAllocation (G1 Evacuation Pause)
Event: 6.346 Executing VM operation: G1CollectForAllocation (G1 Evacuation Pause) done
Event: 6.367 Executing VM operation: G1CollectForAllocation (G1 Evacuation Pause)

Events (20 events):
Event: 6.295 Thread 0x000001b2596b6f10 flushing nmethod 0x000001b245687610
Event: 6.295 Thread 0x000001b2596b6f10 flushing nmethod 0x000001b245687a10
Event: 6.295 Thread 0x000001b2596b6f10 flushing nmethod 0x000001b24569b710
Event: 6.295 Thread 0x000001b2596b6f10 flushing nmethod 0x000001b24569c190
Event: 6.295 Thread 0x000001b2596b6f10 flushing nmethod 0x000001b245732510
Event: 6.295 Thread 0x000001b2596b6f10 flushing nmethod 0x000001b245767490
Event: 6.295 Thread 0x000001b2596b6f10 flushing nmethod 0x000001b245782690
Event: 6.295 Thread 0x000001b2596b6f10 flushing nmethod 0x000001b245785710
Event: 6.295 Thread 0x000001b2596b6f10 flushing nmethod 0x000001b245786890
Event: 6.295 Thread 0x000001b2596b6f10 flushing nmethod 0x000001b245789f90
Event: 6.295 Thread 0x000001b2596b6f10 flushing nmethod 0x000001b2458b2f10
Event: 6.295 Thread 0x000001b2596b6f10 flushing nmethod 0x000001b2458b9110
Event: 6.295 Thread 0x000001b2596b6f10 flushing nmethod 0x000001b2458d1890
Event: 6.295 Thread 0x000001b2596b6f10 flushing nmethod 0x000001b2458dd890
Event: 6.295 Thread 0x000001b2596b6f10 flushing nmethod 0x000001b2458df010
Event: 6.295 Thread 0x000001b2596b6f10 flushing nmethod 0x000001b2458e2390
Event: 6.295 Thread 0x000001b2596b6f10 flushing nmethod 0x000001b245974690
Event: 6.295 Thread 0x000001b2596b6f10 flushing nmethod 0x000001b2459c0590
Event: 6.295 Thread 0x000001b2596b6f10 flushing nmethod 0x000001b2459c0890
Event: 6.295 Thread 0x000001b2596b6f10 flushing nmethod 0x000001b2459c1190


Dynamic libraries:
0x00007ff6813a0000 - 0x00007ff6813ae000 	C:\Users\User\.jdks\openjdk-22.0.1\bin\java.exe
0x00007ff839c70000 - 0x00007ff839e68000 	C:\WINDOWS\SYSTEM32\ntdll.dll
0x00007ff838d20000 - 0x00007ff838de2000 	C:\WINDOWS\System32\KERNEL32.DLL
0x00007ff837530000 - 0x00007ff83782f000 	C:\WINDOWS\System32\KERNELBASE.dll
0x00007ff837980000 - 0x00007ff837a80000 	C:\WINDOWS\System32\ucrtbase.dll
0x00007ff833260000 - 0x00007ff83327b000 	C:\Users\User\.jdks\openjdk-22.0.1\bin\VCRUNTIME140.dll
0x00007ff8330d0000 - 0x00007ff8330e7000 	C:\Users\User\.jdks\openjdk-22.0.1\bin\jli.dll
0x00007ff838a50000 - 0x00007ff838bed000 	C:\WINDOWS\System32\USER32.dll
0x00007ff8266a0000 - 0x00007ff82693a000 	C:\WINDOWS\WinSxS\amd64_microsoft.windows.common-controls_6595b64144ccf1df_6.0.19041.4355_none_60b8b9eb71f62e16\COMCTL32.dll
0x00007ff837be0000 - 0x00007ff837c02000 	C:\WINDOWS\System32\win32u.dll
0x00007ff839ae0000 - 0x00007ff839b7e000 	C:\WINDOWS\System32\msvcrt.dll
0x00007ff839c00000 - 0x00007ff839c2b000 	C:\WINDOWS\System32\GDI32.dll
0x00007ff8373a0000 - 0x00007ff8374ba000 	C:\WINDOWS\System32\gdi32full.dll
0x00007ff8378e0000 - 0x00007ff83797d000 	C:\WINDOWS\System32\msvcp_win.dll
0x00007ff838a20000 - 0x00007ff838a4f000 	C:\WINDOWS\System32\IMM32.DLL
0x00007ff833120000 - 0x00007ff83312c000 	C:\Users\User\.jdks\openjdk-22.0.1\bin\vcruntime140_1.dll
0x00007ff832f40000 - 0x00007ff832fce000 	C:\Users\User\.jdks\openjdk-22.0.1\bin\msvcp140.dll
0x00007fffcb0f0000 - 0x00007fffcbe37000 	C:\Users\User\.jdks\openjdk-22.0.1\bin\server\jvm.dll
0x00007ff8399d0000 - 0x00007ff839a7f000 	C:\WINDOWS\System32\ADVAPI32.dll
0x00007ff839930000 - 0x00007ff8399cf000 	C:\WINDOWS\System32\sechost.dll
0x00007ff838bf0000 - 0x00007ff838d13000 	C:\WINDOWS\System32\RPCRT4.dll
0x00007ff837c60000 - 0x00007ff837c87000 	C:\WINDOWS\System32\bcrypt.dll
0x00007ff8397f0000 - 0x00007ff83985b000 	C:\WINDOWS\System32\WS2_32.dll
0x00007ff8367b0000 - 0x00007ff8367fb000 	C:\WINDOWS\SYSTEM32\POWRPROF.dll
0x00007ff82ee90000 - 0x00007ff82ee9a000 	C:\WINDOWS\SYSTEM32\VERSION.dll
0x00007ff835db0000 - 0x00007ff835dd7000 	C:\WINDOWS\SYSTEM32\WINMM.dll
0x00007ff836670000 - 0x00007ff836682000 	C:\WINDOWS\SYSTEM32\UMPDC.dll
0x00007ff834b60000 - 0x00007ff834b72000 	C:\WINDOWS\SYSTEM32\kernel.appcore.dll
0x00007ff833100000 - 0x00007ff83310a000 	C:\Users\User\.jdks\openjdk-22.0.1\bin\jimage.dll
0x00007ff829d10000 - 0x00007ff829ef4000 	C:\WINDOWS\SYSTEM32\DBGHELP.DLL
0x00007ff81c820000 - 0x00007ff81c854000 	C:\WINDOWS\SYSTEM32\dbgcore.DLL
0x00007ff837310000 - 0x00007ff837392000 	C:\WINDOWS\System32\bcryptPrimitives.dll
0x00007ff832f30000 - 0x00007ff832f3f000 	C:\Users\User\.jdks\openjdk-22.0.1\bin\instrument.dll
0x00007ff832ff0000 - 0x00007ff83300e000 	C:\Users\User\.jdks\openjdk-22.0.1\bin\java.dll
0x00007ff838f60000 - 0x00007ff8396cd000 	C:\WINDOWS\System32\SHELL32.dll
0x00007ff8382f0000 - 0x00007ff83841b000 	C:\WINDOWS\System32\ole32.dll
0x00007ff837ed0000 - 0x00007ff838225000 	C:\WINDOWS\System32\combase.dll
0x00007ff834e40000 - 0x00007ff8355e4000 	C:\WINDOWS\SYSTEM32\windows.storage.dll
0x00007ff836c30000 - 0x00007ff836c5f000 	C:\WINDOWS\SYSTEM32\Wldp.dll
0x00007ff839860000 - 0x00007ff83992d000 	C:\WINDOWS\System32\OLEAUT32.dll
0x00007ff838490000 - 0x00007ff83853d000 	C:\WINDOWS\System32\SHCORE.dll
0x00007ff838540000 - 0x00007ff838595000 	C:\WINDOWS\System32\shlwapi.dll
0x00007ff837240000 - 0x00007ff837264000 	C:\WINDOWS\SYSTEM32\profapi.dll
0x00007ff832de0000 - 0x00007ff832eb7000 	C:\Users\User\.jdks\openjdk-22.0.1\bin\jsvml.dll
0x00007ff832ee0000 - 0x00007ff832ef7000 	C:\Users\User\.jdks\openjdk-22.0.1\bin\zip.dll
0x00007ff832f20000 - 0x00007ff832f30000 	C:\Users\User\.jdks\openjdk-22.0.1\bin\net.dll
0x00007ff8369e0000 - 0x00007ff836a4c000 	C:\WINDOWS\system32\mswsock.dll
0x00007ff832f00000 - 0x00007ff832f16000 	C:\Users\User\.jdks\openjdk-22.0.1\bin\nio.dll
0x00007ff832d50000 - 0x00007ff832d6a000 	D:\Skillbox\Intellij IDEA\IntelliJ IDEA Community Edition 2024.2.3\bin\breakgen64.dll
0x00007ff832d70000 - 0x00007ff832d79000 	C:\Users\User\.jdks\openjdk-22.0.1\bin\extnet.dll
0x00007ff832d40000 - 0x00007ff832d50000 	C:\Users\User\.jdks\openjdk-22.0.1\bin\verify.dll
0x00007ff832ed0000 - 0x00007ff832eda000 	C:\Users\User\.jdks\openjdk-22.0.1\bin\management.dll
0x00007ff832dd0000 - 0x00007ff832ddb000 	C:\Users\User\.jdks\openjdk-22.0.1\bin\management_ext.dll
0x00007ff838e70000 - 0x00007ff838e78000 	C:\WINDOWS\System32\PSAPI.DLL
0x00007ff8102c0000 - 0x00007ff8102d7000 	C:\WINDOWS\system32\napinsp.dll
0x00007ff810460000 - 0x00007ff81047b000 	C:\WINDOWS\system32\pnrpnsp.dll
0x00007ff8335d0000 - 0x00007ff8335e5000 	C:\WINDOWS\system32\wshbth.dll
0x00007ff832700000 - 0x00007ff83271d000 	C:\WINDOWS\system32\NLAapi.dll
0x00007ff836690000 - 0x00007ff8366cb000 	C:\WINDOWS\SYSTEM32\IPHLPAPI.DLL
0x00007ff8366e0000 - 0x00007ff8367aa000 	C:\WINDOWS\SYSTEM32\DNSAPI.dll
0x00007ff838420000 - 0x00007ff838428000 	C:\WINDOWS\System32\NSI.dll
0x00007ff810440000 - 0x00007ff810452000 	C:\WINDOWS\System32\winrnr.dll
0x00007ff830f80000 - 0x00007ff830f8a000 	C:\Windows\System32\rasadhlp.dll
0x00007ff82c830000 - 0x00007ff82c8b0000 	C:\WINDOWS\System32\fwpuclnt.dll
0x00007ff832d30000 - 0x00007ff832d3b000 	C:\Users\User\.jdks\openjdk-22.0.1\bin\le.dll
0x00007ff836c70000 - 0x00007ff836c88000 	C:\WINDOWS\SYSTEM32\CRYPTSP.dll
0x00007ff836b80000 - 0x00007ff836b97000 	C:\Program Files\Common Files\Crypto Pro\AppCompat\cpadvai.dll
0x00007ff8362b0000 - 0x00007ff8362e4000 	C:\WINDOWS\system32\rsaenh.dll
0x00007ff837200000 - 0x00007ff83722e000 	C:\WINDOWS\SYSTEM32\USERENV.dll
0x00007ff836ba0000 - 0x00007ff836bac000 	C:\WINDOWS\SYSTEM32\CRYPTBASE.dll
0x00007ff832dc0000 - 0x00007ff832dce000 	C:\Users\User\.jdks\openjdk-22.0.1\bin\sunmscapi.dll
0x00007ff837a80000 - 0x00007ff837bdc000 	C:\WINDOWS\System32\CRYPT32.dll
0x00007ff836d80000 - 0x00007ff836da7000 	C:\WINDOWS\SYSTEM32\ncrypt.dll
0x00007ff836db0000 - 0x00007ff836dd1000 	C:\Program Files\Common Files\Crypto Pro\AppCompat\cpcrypt.dll
0x00007ff836d40000 - 0x00007ff836d7b000 	C:\WINDOWS\SYSTEM32\NTASN1.dll

dbghelp: loaded successfully - version: 4.0.5 - missing functions: none
symbol engine: initialized successfully - sym options: 0x614 - pdb path: .;C:\Users\User\.jdks\openjdk-22.0.1\bin;C:\WINDOWS\SYSTEM32;C:\WINDOWS\WinSxS\amd64_microsoft.windows.common-controls_6595b64144ccf1df_6.0.19041.4355_none_60b8b9eb71f62e16;C:\Users\User\.jdks\openjdk-22.0.1\bin\server;D:\Skillbox\Intellij IDEA\IntelliJ IDEA Community Edition 2024.2.3\bin;C:\Program Files\Common Files\Crypto Pro\AppCompat

VM Arguments:
jvm_args: -javaagent:D:\Skillbox\Intellij IDEA\IntelliJ IDEA Community Edition 2024.2.3\lib\idea_rt.jar=59590:D:\Skillbox\Intellij IDEA\IntelliJ IDEA Community Edition 2024.2.3\bin -Dfile.encoding=UTF-8 -Dsun.stdout.encoding=UTF-8 -Dsun.stderr.encoding=UTF-8 
java_command: searchengine.Application
java_class_path (initial): D:\Skillbox\\Searchengine_1\target\classes;C:\Users\User\.m2\repository\org\springframework\boot\spring-boot-starter-web\2.7.1\spring-boot-starter-web-2.7.1.jar;C:\Users\User\.m2\repository\org\springframework\boot\spring-boot-starter\2.7.1\spring-boot-starter-2.7.1.jar;C:\Users\User\.m2\repository\org\springframework\boot\spring-boot\2.7.1\spring-boot-2.7.1.jar;C:\Users\User\.m2\repository\org\springframework\boot\spring-boot-autoconfigure\2.7.1\spring-boot-autoconfigure-2.7.1.jar;C:\Users\User\.m2\repository\org\springframework\boot\spring-boot-starter-logging\2.7.1\spring-boot-starter-logging-2.7.1.jar;C:\Users\User\.m2\repository\ch\qos\logback\logback-classic\1.2.11\logback-classic-1.2.11.jar;C:\Users\User\.m2\repository\ch\qos\logback\logback-core\1.2.11\logback-core-1.2.11.jar;C:\Users\User\.m2\repository\org\apache\logging\log4j\log4j-to-slf4j\2.17.2\log4j-to-slf4j-2.17.2.jar;C:\Users\User\.m2\repository\org\apache\logging\log4j\log4j-api\2.17.2\log4j-api-2.17.2.jar;C:\Users\User\.m2\repository\org\slf4j\jul-to-slf4j\1.7.36\jul-to-slf4j-1.7.36.jar;C:\Users\User\.m2\repository\jakarta\annotation\jakarta.annotation-api\1.3.5\jakarta.annotation-api-1.3.5.jar;C:\Users\User\.m2\repository\org\springframework\spring-core\5.3.21\spring-core-5.3.21.jar;C:\Users\User\.m2\repository\org\springframework\spring-jcl\5.3.21\spring-jcl-5.3.21.jar;C:\Users\User\.m2\repository\org\yaml\snakeyaml\1.30\snakeyaml-1.30.jar;C:\Users\User\.m2\repository\org\springframework\boot\spring-boot-starter-json\2.7.1\spring-boot-starter-json-2.7.1.jar;C:\Users\User\.m2\repository\com\fasterxml\jackson\datatype\jackson-datatype-jdk8\2.13.3\jackson-datatype-jdk8-2.13.3.jar;C:\Users\User\.m2\repository\com\fasterxml\jackson\datatype\jackson-datatype-jsr310\2.13.3\jackson-datatype-jsr310-2.13.3.jar;C:\Users\User\.m2\repository\com\fasterxml\jackson\module\jackson-module-parameter-names\2.13.3\jackson-module-parameter-names-2.13.3.jar;C:\Users\User\.m2\repository\org\springframework\boot\spring-boot-starter-tomcat\2.7.1\spring-boot-starter-tomcat-2.7.1.jar;C:\Users\User\.m2\repository\org\apache\tomcat\embed\tomcat-embed-core\9.0.64\tomcat-embed-core-9.0.64.jar;C:\Users\User\.m2\repository\org\apache\tomcat\embed\tomcat-embed-el\9.0.64\tomcat-embed-el-9.0.64.jar;C:\Users\User\.m2\repository\org\apache\tomcat\embed\tomcat-embed-websocket\9.0.64\tomcat-embed-websocket-9.0.64.jar;C:\Users\User\.m2\repository\org\springframework\spring-web\5.3.21\spring-web-5.3.21.jar;C:\Users\User\.m2\repository\org\springframework\spring-beans\5.3.21\spring-beans-5.3.21.jar;C:\Users\User\.m2\repository\org\springframework\spring-webmvc\5.3.21\spring-webmvc-5.3.21.jar;C:\Users\User\.m2\repository\org\springframework\spring-aop\5.3.21\spring-aop-5.3.21.jar;C:\Users\User\.m2\repository\org\springframework\spring-context\5.3.21\spring-context-5.3.21.jar;C:\Users\User\.m2\repository\org\springframework\spring-expression\5.3.21\spring-expression-5.3.21.jar;C:\Users\User\.m2\repository\org\springframework\boot\spring-boot-starter-thymeleaf\2.7.1\spring-boot-starter-thymeleaf-2.7.1.jar;C:\Users\User\.m2\repository\org\thymeleaf\thymeleaf-spring5\3.0.15.RELEASE\thymeleaf-spring5-3.0.15.RELEASE.jar;C:\Users\User\.m2\repository\org\thymeleaf\thymeleaf\3.0.15.RELEASE\thymeleaf-3.0.15.RELEASE.jar;C:\Users\User\.m2\repository\org\attoparser\attoparser\2.0.5.RELEASE\attoparser-2.0.5.RELEASE.jar;C:\Users\User\.m2\repository\org\unbescape\unbescape\1.1.6.RELEASE\unbescape-1.1.6.RELEASE.jar;C:\Users\User\.m2\repository\org\slf4j\slf4j-api\1.7.36\slf4j-api-1.7.36.jar;C:\Users\User\.m2\repository\org\thymeleaf\extras\thymeleaf-extras-java8time\3.0.4.RELEASE\thymeleaf-extras-java8time-3.0.4.RELEASE.jar;C:\Users\User\.m2\repository\org\springframework\boot\spring-boot-starter-data-jpa\2.7.1\spring-boot-starter-data-jpa-2.7.1.jar;C:\Users\User\.m2\repository\org\springframework\boot\spring-boot-starter-aop\2.7.1\spring-boot-starter-aop-2.7.1.jar;C:\Users\User\.m2\repository\org\aspectj\aspectjweaver\1.9.7\aspectjweaver-1.9.7.jar;C:\Users\User\.m2\repository\org\springframework\boot\spring-boot-starter-jdbc\2.7.1\spring-boot-starter-jdbc-2.7.1.jar;C:\Users\User\.m2\repository\com\zaxxer\HikariCP\4.0.3\HikariCP-4.0.3.jar;C:\Users\User\.m2\repository\org\springframework\spring-jdbc\5.3.21\spring-jdbc-5.3.21.jar;C:\Users\User\.m2\repository\jakarta\transaction\jakarta.transaction-api\1.3.3\jakarta.transaction-api-1.3.3.jar;C:\Users\User\.m2\repository\jakarta\persistence\jakarta.persistence-api\2.2.3\jakarta.persistence-api-2.2.3.jar;C:\Users\User\.m2\repository\org\hibernate\hibernate-core\5.6.9.Final\hibernate-core-5.6.9.Final.jar;C:\Users\User\.m2\repository\org\jboss\logging\jboss-logging\3.4.3.Final\jboss-logging-3.4.3.Final.jar;C:\Users\User\.m2\repository\net\bytebuddy\byte-buddy\1.12.11\byte-buddy-1.12.11.jar;C:\Users\User\.m2\repository\antlr\antlr\2.7.7\antlr-2.7.7.jar;C:\Users\User\.m2\repository\org\jboss\jandex\2.4.2.Final\jandex-2.4.2.Final.jar;C:\Users\User\.m2\repository\com\fasterxml\classmate\1.5.1\classmate-1.5.1.jar;C:\Users\User\.m2\repository\org\hibernate\common\hibernate-commons-annotations\5.1.2.Final\hibernate-commons-annotations-5.1.2.Final.jar;C:\Users\User\.m2\repository\org\glassfish\jaxb\jaxb-runtime\2.3.6\jaxb-runtime-2.3.6.jar;C:\Users\User\.m2\repository\jakarta\xml\bind\jakarta.xml.bind-api\2.3.3\jakarta.xml.bind-api-2.3.3.jar;C:\Users\User\.m2\repository\org\glassfish\jaxb\txw2\2.3.6\txw2-2.3.6.jar;C:\Users\User\.m2\repository\com\sun\istack\istack-commons-runtime\3.0.12\istack-commons-runtime-3.0.12.jar;C:\Users\User\.m2\repository\com\sun\activation\jakarta.activation\1.2.2\jakarta.activation-1.2.2.jar;C:\Users\User\.m2\repository\org\springframework\data\spring-data-jpa\2.7.1\spring-data-jpa-2.7.1.jar;C:\Users\User\.m2\repository\org\springframework\data\spring-data-commons\2.7.1\spring-data-commons-2.7.1.jar;C:\Users\User\.m2\repository\org\springframework\spring-orm\5.3.21\spring-orm-5.3.21.jar;C:\Users\User\.m2\repository\org\springframework\spring-tx\5.3.21\spring-tx-5.3.21.jar;C:\Users\User\.m2\repository\org\springframework\spring-aspects\5.3.21\spring-aspects-5.3.21.jar;C:\Users\User\.m2\repository\com\mysql\mysql-connector-j\8.0.33\mysql-connector-j-8.0.33.jar;C:\Users\User\.m2\repository\org\jsoup\jsoup\1.18.1\jsoup-1.18.1.jar;D:\Skillbox\\Searchengine_1\libs\morphology\morph\1.5\morph-1.5.jar;D:\Skillbox\\Searchengine_1\libs\morphology\dictionary-reader\1.5\dictionary-reader-1.5.jar;D:\Skillbox\\Searchengine_1\libs\morphology\english\1.5\english-1.5.jar;C:\Users\User\.m2\repository\com\fasterxml\jackson\core\jackson-databind\2.13.3\jackson-databind-2.13.3.jar;C:\Users\User\.m2\repository\com\fasterxml\jackson\core\jackson-annotations\2.13.3\jackson-annotations-2.13.3.jar;C:\Users\User\.m2\repository\com\fasterxml\jackson\core\jackson-core\2.13.3\jackson-core-2.13.3.jar;D:\Skillbox\\Searchengine_1\libs\morphology\russian\1.5\russian-1.5.jar;D:\Skillbox\\Searchengine_1\libs\analysis\morphology\1.5\morphology-1.5.jar;C:\Users\User\.m2\repository\org\liquibase\liquibase-core\4.9.1\liquibase-core-4.9.1.jar;C:\Users\User\.m2\repository\javax\xml\bind\jaxb-api\2.3.1\jaxb-api-2.3.1.jar;C:\Users\User\.m2\repository\javax\activation\javax.activation-api\1.2.0\javax.activation-api-1.2.0.jar;C:\Users\User\.m2\repository\org\postgresql\postgresql\42.3.6\postgresql-42.3.6.jar;C:\Users\User\.m2\repository\org\checkerframework\checker-qual\3.5.0\checker-qual-3.5.0.jar
Launcher Type: SUN_STANDARD

[Global flags]
     intx CICompilerCount                          = 4                                         {product} {ergonomic}
     uint ConcGCThreads                            = 2                                         {product} {ergonomic}
     uint G1ConcRefinementThreads                  = 8                                         {product} {ergonomic}
   size_t G1HeapRegionSize                         = 1048576                                   {product} {ergonomic}
   size_t InitialHeapSize                          = 132120576                                 {product} {ergonomic}
   size_t MarkStackSize                            = 4194304                                   {product} {ergonomic}
   size_t MaxHeapSize                              = 2101346304                                {product} {ergonomic}
   size_t MaxNewSize                               = 1260388352                                {product} {ergonomic}
   size_t MinHeapDeltaBytes                        = 1048576                                   {product} {ergonomic}
   size_t MinHeapSize                              = 8388608                                   {product} {ergonomic}
    uintx NonNMethodCodeHeapSize                   = 5839372                                {pd product} {ergonomic}
    uintx NonProfiledCodeHeapSize                  = 122909434                              {pd product} {ergonomic}
    uintx ProfiledCodeHeapSize                     = 122909434                              {pd product} {ergonomic}
    uintx ReservedCodeCacheSize                    = 251658240                              {pd product} {ergonomic}
     bool SegmentedCodeCache                       = true                                      {product} {ergonomic}
   size_t SoftMaxHeapSize                          = 2101346304                             {manageable} {ergonomic}
     bool UseCompressedOops                        = true                           {product lp64_product} {ergonomic}
     bool UseG1GC                                  = true                                      {product} {ergonomic}
     bool UseLargePagesIndividualAllocation        = false                                  {pd product} {ergonomic}

Logging:
Log output configuration:
 #0: stdout all=warning uptime,level,tags foldmultilines=false
 #1: stderr all=off uptime,level,tags foldmultilines=false

Environment Variables:
JAVA_HOME=C:\Users\User\.jdks\openjdk-22.0.1
PATH=C:\WINDOWS\system32;C:\WINDOWS;C:\WINDOWS\System32\Wbem;C:\WINDOWS\System32\WindowsPowerShell\v1.0\;C:\WINDOWS\System32\OpenSSH\;C:\Program Files\Git\cmd;D:\Skillbox\Git\Git\cmd;C:\Program Files\Docker\Docker\resources\bin;C:\ProgramData\chocolatey\bin;%JAVA_HOME%\bin;C:\Program Files (x86)\Windows Kits\10\Windows Performance Toolkit\;C:\Users\User\AppData\Local\Programs\Python\Python311\Scripts\;C:\Users\User\AppData\Local\Programs\Python\Python311\;"C:\Users\User\Windows.old\Users\solop\AppData\Local\Programs\Python\Python39\Scripts;C:\Users\User\Python";C:\Gradle\gradle-8.10.2-bin\gradle-8.10.2\bin;
USERNAME=User
OS=Windows_NT
PROCESSOR_IDENTIFIER=Intel64 Family 6 Model 165 Stepping 2, GenuineIntel
TMP=C:\Users\User\AppData\Local\Temp
TEMP=C:\Users\User\AppData\Local\Temp




Periodic native trim disabled

---------------  S Y S T E M  ---------------

OS:
 Windows 10 , 64 bit Build 19041 (10.0.19041.5438)
OS uptime: 0 days 22:43 hours
Hyper-V role detected

CPU: total 8 (initial active 8) (4 cores per cpu, 2 threads per core) family 6 model 165 stepping 2 microcode 0xc8, cx8, cmov, fxsr, ht, mmx, 3dnowpref, sse, sse2, sse3, ssse3, sse4.1, sse4.2, popcnt, lzcnt, tsc, tscinvbit, avx, avx2, aes, erms, clmul, bmi1, bmi2, adx, fma, vzeroupper, clflush, clflushopt, hv, rdtscp, f16c
Processor Information for all 8 processors :
  Max Mhz: 2400, Current Mhz: 2400, Mhz Limit: 2400

Memory: 4k page, system-wide physical 8015M (640M free)
TotalPageFile size 15668M (AvailPageFile size 20M)
current process WorkingSet (physical memory assigned to process): 252M, peak: 264M
current process commit charge ("private bytes"): 318M, peak: 351M

vm_info: OpenJDK 64-Bit Server VM (22.0.1+8-16) for windows-amd64 JRE (22.0.1+8-16), built on 2024-03-12T10:33:16Z by "mach5one" with MS VC++ 17.6 (VS2022)

END.
